<?xml version="1.0" encoding="UTF-8"?>
<testsuite xmlns:xsi="http://www.w3.org/2001/XMLSchema-instance" xsi:noNamespaceSchemaLocation="https://maven.apache.org/surefire/maven-surefire-plugin/xsd/surefire-test-report.xsd" name="org.apache.nifi.processors.pcap.MyProcessorTest" time="0.054" tests="1" errors="0" skipped="0" failures="0">
  <properties>
    <property name="sun.desktop" value="windows"/>
    <property name="awt.toolkit" value="sun.awt.windows.WToolkit"/>
    <property name="file.encoding.pkg" value="sun.io"/>
    <property name="java.specification.version" value="1.8"/>
    <property name="sun.cpu.isalist" value="amd64"/>
    <property name="sun.jnu.encoding" value="Cp1252"/>
    <property name="java.class.path" value="D:\Program Files\Eclipse\eclipse\Workspace\pcap-processor\nifi-pcap-processors\target\test-classes;D:\Program Files\Eclipse\eclipse\Workspace\pcap-processor\nifi-pcap-processors\target\classes;C:\Users\root\.m2\repository\org\apache\nifi\nifi-api\1.10.0\nifi-api-1.10.0.jar;C:\Users\root\.m2\repository\org\apache\nifi\nifi-utils\1.10.0\nifi-utils-1.10.0.jar;C:\Users\root\.m2\repository\org\apache\nifi\nifi-mock\1.10.0\nifi-mock-1.10.0.jar;C:\Users\root\.m2\repository\org\apache\nifi\nifi-framework-api\1.10.0\nifi-framework-api-1.10.0.jar;C:\Users\root\.m2\repository\org\apache\nifi\nifi-parameter\1.10.0\nifi-parameter-1.10.0.jar;C:\Users\root\.m2\repository\org\apache\nifi\nifi-expression-language\1.10.0\nifi-expression-language-1.10.0.jar;C:\Users\root\.m2\repository\org\antlr\antlr-runtime\3.5.2\antlr-runtime-3.5.2.jar;C:\Users\root\.m2\repository\com\jayway\jsonpath\json-path\2.4.0\json-path-2.4.0.jar;C:\Users\root\.m2\repository\net\minidev\json-smart\2.3\json-smart-2.3.jar;C:\Users\root\.m2\repository\net\minidev\accessors-smart\1.2\accessors-smart-1.2.jar;C:\Users\root\.m2\repository\org\ow2\asm\asm\5.0.4\asm-5.0.4.jar;C:\Users\root\.m2\repository\com\fasterxml\jackson\core\jackson-databind\2.9.10\jackson-databind-2.9.10.jar;C:\Users\root\.m2\repository\com\fasterxml\jackson\core\jackson-annotations\2.9.10\jackson-annotations-2.9.10.jar;C:\Users\root\.m2\repository\com\fasterxml\jackson\core\jackson-core\2.9.10\jackson-core-2.9.10.jar;C:\Users\root\.m2\repository\org\apache\commons\commons-text\1.8\commons-text-1.8.jar;C:\Users\root\.m2\repository\org\apache\commons\commons-lang3\3.9\commons-lang3-3.9.jar;C:\Users\root\.m2\repository\org\apache\nifi\nifi-data-provenance-utils\1.10.0\nifi-data-provenance-utils-1.10.0.jar;C:\Users\root\.m2\repository\org\apache\nifi\nifi-security-utils\1.10.0\nifi-security-utils-1.10.0.jar;C:\Users\root\.m2\repository\commons-codec\commons-codec\1.12\commons-codec-1.12.jar;C:\Users\root\.m2\repository\org\bouncycastle\bcpkix-jdk15on\1.61\bcpkix-jdk15on-1.61.jar;C:\Users\root\.m2\repository\de\svenkubiak\jBCrypt\0.4.1\jBCrypt-0.4.1.jar;C:\Users\root\.m2\repository\org\apache\commons\commons-configuration2\2.4\commons-configuration2-2.4.jar;C:\Users\root\.m2\repository\commons-logging\commons-logging\1.2\commons-logging-1.2.jar;C:\Users\root\.m2\repository\org\bouncycastle\bcprov-jdk15on\1.61\bcprov-jdk15on-1.61.jar;C:\Users\root\.m2\repository\org\apache\nifi\nifi-properties-loader\1.10.0\nifi-properties-loader-1.10.0.jar;C:\Users\root\.m2\repository\org\apache\nifi\nifi-properties\1.10.0\nifi-properties-1.10.0.jar;C:\Users\root\.m2\repository\org\slf4j\slf4j-simple\1.7.26\slf4j-simple-1.7.26.jar;C:\Users\root\.m2\repository\org\slf4j\slf4j-api\1.7.26\slf4j-api-1.7.26.jar;C:\Users\root\.m2\repository\junit\junit\4.12\junit-4.12.jar;C:\Users\root\.m2\repository\org\hamcrest\hamcrest-core\1.3\hamcrest-core-1.3.jar;C:\Users\root\.m2\repository\io\pkts\pkts-core\3.0.5\pkts-core-3.0.5.jar;C:\Users\root\.m2\repository\io\pkts\pkts-buffers\3.0.5\pkts-buffers-3.0.5.jar;C:\Users\root\.m2\repository\io\pkts\pkts-sip\3.0.5\pkts-sip-3.0.5.jar;C:\Users\root\.m2\repository\io\pkts\pkts-sdp\3.0.5\pkts-sdp-3.0.5.jar;C:\Users\root\.m2\repository\javax\sip\jain-sip-ri\1.2.159\jain-sip-ri-1.2.159.jar;C:\Users\root\.m2\repository\io\pkts\pkts-streams\3.0.5\pkts-streams-3.0.5.jar;C:\Users\root\.m2\repository\org\mockito\mockito-core\2.28.2\mockito-core-2.28.2.jar;C:\Users\root\.m2\repository\net\bytebuddy\byte-buddy\1.9.10\byte-buddy-1.9.10.jar;C:\Users\root\.m2\repository\net\bytebuddy\byte-buddy-agent\1.9.10\byte-buddy-agent-1.9.10.jar;C:\Users\root\.m2\repository\org\objenesis\objenesis\2.6\objenesis-2.6.jar;C:\Users\root\.m2\repository\org\codehaus\groovy\groovy-test\2.5.4\groovy-test-2.5.4.jar;C:\Users\root\.m2\repository\org\codehaus\groovy\groovy\2.5.4\groovy-2.5.4.jar;"/>
    <property name="java.vm.vendor" value="Oracle Corporation"/>
    <property name="sun.arch.data.model" value="64"/>
    <property name="user.variant" value=""/>
    <property name="java.vendor.url" value="http://java.oracle.com/"/>
    <property name="user.timezone" value="America/New_York"/>
    <property name="java.vm.specification.version" value="1.8"/>
    <property name="os.name" value="Windows 7"/>
    <property name="user.country" value="US"/>
    <property name="sun.java.launcher" value="SUN_STANDARD"/>
    <property name="sun.boot.library.path" value="D:\Program Files\Java\jre1.8.0_231\bin"/>
    <property name="sun.java.command" value="D:\Users\root\AppData\Local\Temp\surefire1955716435381791733\surefirebooter5515495757300866393.jar D:\Users\root\AppData\Local\Temp\surefire1955716435381791733 2020-01-05T21-45-13_399-jvmRun1 surefire2234469888736648483tmp surefire_0326863492248745760tmp"/>
    <property name="surefire.test.class.path" value="D:\Program Files\Eclipse\eclipse\Workspace\pcap-processor\nifi-pcap-processors\target\test-classes;D:\Program Files\Eclipse\eclipse\Workspace\pcap-processor\nifi-pcap-processors\target\classes;C:\Users\root\.m2\repository\org\apache\nifi\nifi-api\1.10.0\nifi-api-1.10.0.jar;C:\Users\root\.m2\repository\org\apache\nifi\nifi-utils\1.10.0\nifi-utils-1.10.0.jar;C:\Users\root\.m2\repository\org\apache\nifi\nifi-mock\1.10.0\nifi-mock-1.10.0.jar;C:\Users\root\.m2\repository\org\apache\nifi\nifi-framework-api\1.10.0\nifi-framework-api-1.10.0.jar;C:\Users\root\.m2\repository\org\apache\nifi\nifi-parameter\1.10.0\nifi-parameter-1.10.0.jar;C:\Users\root\.m2\repository\org\apache\nifi\nifi-expression-language\1.10.0\nifi-expression-language-1.10.0.jar;C:\Users\root\.m2\repository\org\antlr\antlr-runtime\3.5.2\antlr-runtime-3.5.2.jar;C:\Users\root\.m2\repository\com\jayway\jsonpath\json-path\2.4.0\json-path-2.4.0.jar;C:\Users\root\.m2\repository\net\minidev\json-smart\2.3\json-smart-2.3.jar;C:\Users\root\.m2\repository\net\minidev\accessors-smart\1.2\accessors-smart-1.2.jar;C:\Users\root\.m2\repository\org\ow2\asm\asm\5.0.4\asm-5.0.4.jar;C:\Users\root\.m2\repository\com\fasterxml\jackson\core\jackson-databind\2.9.10\jackson-databind-2.9.10.jar;C:\Users\root\.m2\repository\com\fasterxml\jackson\core\jackson-annotations\2.9.10\jackson-annotations-2.9.10.jar;C:\Users\root\.m2\repository\com\fasterxml\jackson\core\jackson-core\2.9.10\jackson-core-2.9.10.jar;C:\Users\root\.m2\repository\org\apache\commons\commons-text\1.8\commons-text-1.8.jar;C:\Users\root\.m2\repository\org\apache\commons\commons-lang3\3.9\commons-lang3-3.9.jar;C:\Users\root\.m2\repository\org\apache\nifi\nifi-data-provenance-utils\1.10.0\nifi-data-provenance-utils-1.10.0.jar;C:\Users\root\.m2\repository\org\apache\nifi\nifi-security-utils\1.10.0\nifi-security-utils-1.10.0.jar;C:\Users\root\.m2\repository\commons-codec\commons-codec\1.12\commons-codec-1.12.jar;C:\Users\root\.m2\repository\org\bouncycastle\bcpkix-jdk15on\1.61\bcpkix-jdk15on-1.61.jar;C:\Users\root\.m2\repository\de\svenkubiak\jBCrypt\0.4.1\jBCrypt-0.4.1.jar;C:\Users\root\.m2\repository\org\apache\commons\commons-configuration2\2.4\commons-configuration2-2.4.jar;C:\Users\root\.m2\repository\commons-logging\commons-logging\1.2\commons-logging-1.2.jar;C:\Users\root\.m2\repository\org\bouncycastle\bcprov-jdk15on\1.61\bcprov-jdk15on-1.61.jar;C:\Users\root\.m2\repository\org\apache\nifi\nifi-properties-loader\1.10.0\nifi-properties-loader-1.10.0.jar;C:\Users\root\.m2\repository\org\apache\nifi\nifi-properties\1.10.0\nifi-properties-1.10.0.jar;C:\Users\root\.m2\repository\org\slf4j\slf4j-simple\1.7.26\slf4j-simple-1.7.26.jar;C:\Users\root\.m2\repository\org\slf4j\slf4j-api\1.7.26\slf4j-api-1.7.26.jar;C:\Users\root\.m2\repository\junit\junit\4.12\junit-4.12.jar;C:\Users\root\.m2\repository\org\hamcrest\hamcrest-core\1.3\hamcrest-core-1.3.jar;C:\Users\root\.m2\repository\io\pkts\pkts-core\3.0.5\pkts-core-3.0.5.jar;C:\Users\root\.m2\repository\io\pkts\pkts-buffers\3.0.5\pkts-buffers-3.0.5.jar;C:\Users\root\.m2\repository\io\pkts\pkts-sip\3.0.5\pkts-sip-3.0.5.jar;C:\Users\root\.m2\repository\io\pkts\pkts-sdp\3.0.5\pkts-sdp-3.0.5.jar;C:\Users\root\.m2\repository\javax\sip\jain-sip-ri\1.2.159\jain-sip-ri-1.2.159.jar;C:\Users\root\.m2\repository\io\pkts\pkts-streams\3.0.5\pkts-streams-3.0.5.jar;C:\Users\root\.m2\repository\org\mockito\mockito-core\2.28.2\mockito-core-2.28.2.jar;C:\Users\root\.m2\repository\net\bytebuddy\byte-buddy\1.9.10\byte-buddy-1.9.10.jar;C:\Users\root\.m2\repository\net\bytebuddy\byte-buddy-agent\1.9.10\byte-buddy-agent-1.9.10.jar;C:\Users\root\.m2\repository\org\objenesis\objenesis\2.6\objenesis-2.6.jar;C:\Users\root\.m2\repository\org\codehaus\groovy\groovy-test\2.5.4\groovy-test-2.5.4.jar;C:\Users\root\.m2\repository\org\codehaus\groovy\groovy\2.5.4\groovy-2.5.4.jar;"/>
    <property name="sun.cpu.endian" value="little"/>
    <property name="user.home" value="C:\Users\root"/>
    <property name="user.language" value="en"/>
    <property name="java.specification.vendor" value="Oracle Corporation"/>
    <property name="java.home" value="D:\Program Files\Java\jre1.8.0_231"/>
    <property name="basedir" value="D:\Program Files\Eclipse\eclipse\Workspace\pcap-processor\nifi-pcap-processors"/>
    <property name="file.separator" value="\"/>
    <property name="line.separator" value="&#10;"/>
    <property name="java.vm.specification.vendor" value="Oracle Corporation"/>
    <property name="java.specification.name" value="Java Platform API Specification"/>
    <property name="java.awt.graphicsenv" value="sun.awt.Win32GraphicsEnvironment"/>
    <property name="java.awt.headless" value="true"/>
    <property name="surefire.real.class.path" value="D:\Users\root\AppData\Local\Temp\surefire1955716435381791733\surefirebooter5515495757300866393.jar"/>
    <property name="sun.boot.class.path" value="D:\Program Files\Java\jre1.8.0_231\lib\resources.jar;D:\Program Files\Java\jre1.8.0_231\lib\rt.jar;D:\Program Files\Java\jre1.8.0_231\lib\sunrsasign.jar;D:\Program Files\Java\jre1.8.0_231\lib\jsse.jar;D:\Program Files\Java\jre1.8.0_231\lib\jce.jar;D:\Program Files\Java\jre1.8.0_231\lib\charsets.jar;D:\Program Files\Java\jre1.8.0_231\lib\jfr.jar;D:\Program Files\Java\jre1.8.0_231\classes"/>
    <property name="user.script" value=""/>
    <property name="sun.management.compiler" value="HotSpot 64-Bit Tiered Compilers"/>
    <property name="java.runtime.version" value="1.8.0_231-b11"/>
    <property name="java.net.preferIPv4Stack" value="true"/>
    <property name="user.name" value="root"/>
    <property name="path.separator" value=";"/>
    <property name="os.version" value="6.1"/>
    <property name="java.endorsed.dirs" value="D:\Program Files\Java\jre1.8.0_231\lib\endorsed"/>
    <property name="java.runtime.name" value="Java(TM) SE Runtime Environment"/>
    <property name="file.encoding" value="UTF-8"/>
    <property name="java.vm.name" value="Java HotSpot(TM) 64-Bit Server VM"/>
    <property name="localRepository" value="C:\Users\root\.m2\repository"/>
    <property name="java.vendor.url.bug" value="http://bugreport.sun.com/bugreport/"/>
    <property name="java.io.tmpdir" value="D:\Users\root\AppData\Local\Temp\"/>
    <property name="java.version" value="1.8.0_231"/>
    <property name="user.dir" value="D:\Program Files\Eclipse\eclipse\Workspace\pcap-processor\nifi-pcap-processors"/>
    <property name="os.arch" value="amd64"/>
    <property name="java.vm.specification.name" value="Java Virtual Machine Specification"/>
    <property name="java.awt.printerjob" value="sun.awt.windows.WPrinterJob"/>
    <property name="sun.os.patch.level" value="Service Pack 1"/>
    <property name="java.library.path" value="D:\Program Files\Java\jre1.8.0_231\bin;C:\Windows\Sun\Java\bin;C:\Windows\system32;C:\Windows;D:/Program Files/Java/jre1.8.0_231/bin/server;D:/Program Files/Java/jre1.8.0_231/bin;D:/Program Files/Java/jre1.8.0_231/lib/amd64;C:\ProgramData\Oracle\Java\javapath;C:\Program Files (x86)\Common Files\Oracle\Java\javapath;D:\Python\Python37\Scripts\;D:\Python\Python37\;C:\Windows\system32;C:\Windows;C:\Windows\System32\Wbem;C:\Windows\System32\WindowsPowerShell\v1.0\;C:\Windows\System32\Sysinternals;D:\Path;D:\Program Files (x86)\Windows Kits\8.0\Windows Performance Toolkit\;D:\Program Files\Microsoft Network Monitor 3\;D:\Program Files\OpenVPN\bin;D:\Program Files\Java\jdk-13.0.1\bin;D:\Program Files\Wireshark;D:\cygwin64\bin;C:\Users\root\AppData\Local\GitHub\PortableGit_db3797c3b8c78e4866724c7c685def4874582777\bin;D:\Program Files (x86)\NVIDIA Corporation\PhysX\Common;D:\Program Files\NirSoft\NirSoft\x64;C:\Windows\System32\WindowsPowerShell\v1.0\;C:\Users\root\AppData\Local\.meteor;C:\Windows\System32\WindowsPowerShell\v1.0\;D:\Program Files (x86)\Gpg4win\..\GnuPG\bin;C:\Windows\System32\WindowsPowerShell\v1.0\;C:\Go\bin;D:\Python\Python37\Scripts\;D:\Python\Python37\;D:\Program Files (x86)\Google\Chrome\Application;C:\Windows\system32;C:\Windows;C:\Windows\System32\Wbem;C:\Windows\System32\WindowsPowerShell\v1.0\;C:\Windows\System32\Sysinternals;D:\Path;D:\Program Files (x86)\Windows Kits\8.0\Windows Performance Toolkit\;D:\Program Files\Microsoft SQL Server\110\Tools\Binn\;D:\Program Files\ActivIdentity\ActivClient\;D:\Program Files (x86)\ActivIdentity\ActivClient\;D:\Program Files\Microsoft Network Monitor 3\;D:\Program Files\OpenVPN\bin;D:\Program Files\Java\jdk-13.0.1\bin;D:\Program Files\Wireshark;D:\cygwin64\bin;C:\Users\root\AppData\Local\GitHub\PortableGit_db3797c3b8c78e4866724c7c685def4874582777\bin;D:\Program Files\MATLAB\R2014b\bin;D:\Program Files (x86)\NVIDIA Corporation\PhysX\Common;D:\Program Files\NirSoft\NirSoft\x64;C:\ProgramData\Oracle\Java\javapath;C:\Windows\system32;C:\Windows;C:\Windows\System32\Wbem;C:\Windows\System32\WindowsPowerShell\v1.0\;C:\Windows\;D:\Program Files (x86)\MiKTeX\miktex\bin\x64\;C:\Users\root\go\bin;D:\Program Files\Eclipse\eclipse;;."/>
    <property name="java.vm.info" value="mixed mode"/>
    <property name="java.vendor" value="Oracle Corporation"/>
    <property name="java.vm.version" value="25.231-b11"/>
    <property name="java.ext.dirs" value="D:\Program Files\Java\jre1.8.0_231\lib\ext;C:\Windows\Sun\Java\lib\ext"/>
    <property name="sun.io.unicode.encoding" value="UnicodeLittle"/>
    <property name="java.class.version" value="52.0"/>
  </properties>
  <testcase name="testProcessor" classname="org.apache.nifi.processors.pcap.MyProcessorTest" time="0"/>
</testsuite>